<?xml version="1.0" encoding="UTF-8"?>
<!-- Generated by org.testng.reporters.JUnitReportReporter -->
<testsuite hostname="SARAPC" failures="0" tests="1" name="com.Actitime.TestScripts.CreateCustomer" time="21.214" errors="0" timestamp="2023-06-05T10:18:00 IST" skipped="0">
  <testcase classname="com.Actitime.TestScripts.CreateCustomer" name="createcustomer" time="21.214"/>
  <system-out/>
</testsuite> <!-- com.Actitime.TestScripts.CreateCustomer -->
